<?xml version="1.0" encoding="UTF-8"?>
<!-- Generated by org.testng.reporters.JUnitXMLReporter -->
<testsuite ignored="0" hostname="LAPTOP-IPD33IGS" failures="0" tests="1" name="SeleniumTesting" time="41.5" errors="0" timestamp="14 Apr 2022 04:29:07 GMT">
  <testcase classname="TestSuites.trutime" name="@AfterTest closeBrowser" time="0.389">
    <failure type="java.lang.NullPointerException">
      <![CDATA[java.lang.NullPointerException
at java.base/java.io.FileOutputStream.<init>(FileOutputStream.java:226)
at java.base/java.io.FileOutputStream.<init>(FileOutputStream.java:184)
at Base.Base.closeBrowser(Base.java:110)
at TestSuites.trutime.closeBrowser(trutime.java:35)
... Removed 24 stack frames]]>
    </failure>
  </testcase> <!-- @AfterTest closeBrowser -->
  <testcase classname="TestSuites.trutime" name="testCases" time="39.803"/>
</testsuite> <!-- SeleniumTesting -->
