<?xml version="1.0" encoding="UTF-8"?>
<testng-results ignored="0" total="1" passed="1" failed="0" skipped="0">
  <reporter-output>
  </reporter-output>
  <suite started-at="2022-04-14T04:28:25Z" name="Main Project" finished-at="2022-04-14T04:29:07Z" duration-ms="41500">
    <groups>
    </groups>
    <test started-at="2022-04-14T04:28:25Z" name="SeleniumTesting" finished-at="2022-04-14T04:29:07Z" duration-ms="41500">
      <class name="TestSuites.trutime">
        <test-method is-config="true" signature="invokeBrowser()[pri:0, instance:TestSuites.trutime@35841320]" started-at="2022-04-14T04:28:25Z" name="invokeBrowser" finished-at="2022-04-14T04:28:27Z" duration-ms="1280" status="PASS">
          <reporter-output>
          </reporter-output>
        </test-method> <!-- invokeBrowser -->
        <test-method signature="testCases()[pri:1, instance:TestSuites.trutime@35841320]" started-at="2022-04-14T04:28:27Z" name="testCases" finished-at="2022-04-14T04:29:06Z" duration-ms="39803" status="PASS">
          <reporter-output>
          </reporter-output>
        </test-method> <!-- testCases -->
        <test-method is-config="true" signature="closeBrowser()[pri:0, instance:TestSuites.trutime@35841320]" started-at="2022-04-14T04:29:06Z" name="closeBrowser" finished-at="2022-04-14T04:29:07Z" duration-ms="389" status="FAIL">
          <exception class="java.lang.NullPointerException">
            <full-stacktrace>
              <![CDATA[java.lang.NullPointerException
at java.base/java.io.FileOutputStream.<init>(FileOutputStream.java:226)
at java.base/java.io.FileOutputStream.<init>(FileOutputStream.java:184)
at Base.Base.closeBrowser(Base.java:110)
at TestSuites.trutime.closeBrowser(trutime.java:35)
at java.base/jdk.internal.reflect.NativeMethodAccessorImpl.invoke0(Native Method)
at java.base/jdk.internal.reflect.NativeMethodAccessorImpl.invoke(NativeMethodAccessorImpl.java:77)
at java.base/jdk.internal.reflect.DelegatingMethodAccessorImpl.invoke(DelegatingMethodAccessorImpl.java:43)
at java.base/java.lang.reflect.Method.invoke(Method.java:568)
at org.testng.internal.MethodInvocationHelper.invokeMethod(MethodInvocationHelper.java:124)
at org.testng.internal.MethodInvocationHelper.invokeMethodConsideringTimeout(MethodInvocationHelper.java:59)
at org.testng.internal.Invoker.invokeConfigurationMethod(Invoker.java:458)
at org.testng.internal.Invoker.invokeConfigurations(Invoker.java:222)
at org.testng.internal.Invoker.invokeConfigurations(Invoker.java:142)
at org.testng.TestRunner.afterRun(TestRunner.java:725)
at org.testng.TestRunner.run(TestRunner.java:509)
at org.testng.SuiteRunner.runTest(SuiteRunner.java:455)
at org.testng.SuiteRunner.runSequentially(SuiteRunner.java:450)
at org.testng.SuiteRunner.privateRun(SuiteRunner.java:415)
at org.testng.SuiteRunner.run(SuiteRunner.java:364)
at org.testng.SuiteRunnerWorker.runSuite(SuiteRunnerWorker.java:52)
at org.testng.SuiteRunnerWorker.run(SuiteRunnerWorker.java:84)
at org.testng.TestNG.runSuitesSequentially(TestNG.java:1208)
at org.testng.TestNG.runSuitesLocally(TestNG.java:1137)
at org.testng.TestNG.runSuites(TestNG.java:1049)
at org.testng.TestNG.run(TestNG.java:1017)
at org.testng.remote.AbstractRemoteTestNG.run(AbstractRemoteTestNG.java:115)
at org.testng.remote.RemoteTestNG.initAndRun(RemoteTestNG.java:251)
at org.testng.remote.RemoteTestNG.main(RemoteTestNG.java:77)
]]>
            </full-stacktrace>
          </exception> <!-- java.lang.NullPointerException -->
          <reporter-output>
          </reporter-output>
        </test-method> <!-- closeBrowser -->
      </class> <!-- TestSuites.trutime -->
    </test> <!-- SeleniumTesting -->
  </suite> <!-- Main Project -->
</testng-results>
