<?xml version="1.0" encoding="UTF-8"?>
<testng-results skipped="0" failed="0" ignored="1" total="2" passed="1">
  <reporter-output>
  </reporter-output>
  <suite name="Default suite" duration-ms="2977" started-at="2022-05-24T16:09:31Z" finished-at="2022-05-24T16:09:34Z">
    <groups>
    </groups>
    <test name="Default test" duration-ms="2977" started-at="2022-05-24T16:09:31Z" finished-at="2022-05-24T16:09:34Z">
      <class name="TestSuites.trutime">
        <test-method status="PASS" signature="invokeBrowser()[pri:0, instance:TestSuites.trutime@7c7b252e]" name="invokeBrowser" is-config="true" duration-ms="1720" started-at="2022-05-24T16:09:31Z" finished-at="2022-05-24T16:09:33Z">
          <reporter-output>
          </reporter-output>
        </test-method> <!-- invokeBrowser -->
        <test-method status="PASS" signature="getdate()[pri:2, instance:TestSuites.trutime@7c7b252e]" name="getdate" duration-ms="336" started-at="2022-05-24T16:09:33Z" finished-at="2022-05-24T16:09:33Z">
          <reporter-output>
          </reporter-output>
        </test-method> <!-- getdate -->
        <test-method status="PASS" signature="closeBrowser()[pri:0, instance:TestSuites.trutime@7c7b252e]" name="closeBrowser" is-config="true" duration-ms="905" started-at="2022-05-24T16:09:33Z" finished-at="2022-05-24T16:09:34Z">
          <reporter-output>
          </reporter-output>
        </test-method> <!-- closeBrowser -->
      </class> <!-- TestSuites.trutime -->
    </test> <!-- Default test -->
  </suite> <!-- Default suite -->
</testng-results>
